<?xml version="1.0" encoding="UTF-8"?>
<!-- Generated by org.testng.reporters.JUnitReportReporter -->
<testsuite hostname="AAPDyOVVbECDsDj" failures="0" tests="2" name="testcases.StoreEntryTest" time="21.942" errors="0" timestamp="2024-04-29T12:42:17 IST" skipped="0">
  <testcase classname="testcases.StoreEntryTest" name="VerifyStoreEntryTitle" time="10.889"/>
  <testcase classname="testcases.StoreEntryTest" name="VerifySignInButtonPresence" time="11.053"/>
</testsuite> <!-- testcases.StoreEntryTest -->
