<?xml version="1.0" encoding="UTF-8"?>
<!-- Generated by org.testng.reporters.JUnitReportReporter -->
<testsuite hostname="AAPDyOVVbECDsDj" failures="0" tests="1" name="testcases.HomePageTest" time="10.175" errors="0" timestamp="2024-04-29T12:42:17 IST" skipped="0">
  <testcase classname="testcases.HomePageTest" name="VerifyHomePageTitle" time="10.175"/>
</testsuite> <!-- testcases.HomePageTest -->
