<?xml version="1.0" encoding="UTF-8"?>
<!-- Generated by org.testng.reporters.JUnitReportReporter -->
<testsuite hostname="AAPDyOVVbECDsDj" failures="0" tests="3" name="testcases.armHomePageTest" time="51.161" errors="0" timestamp="2024-02-17T17:11:10 IST" skipped="1">
  <testcase classname="testcases.armHomePageTest" name="ARMHomePageTest" time="19.625"/>
  <testcase classname="testcases.armHomePageTest" name="verifyLinkCount" time="10.012">
    <skipped/>
  </testcase> <!-- verifyLinkCount -->
  <testcase classname="testcases.armHomePageTest" name="verifyLandingToProductDashBoard" time="21.524"/>
  <system-out>
    <![CDATA[<a href=Sat_Feb_17_17_09_37_IST_2024.jpg target="_blank">Screenshot link</a>
<br>
<a href=Sat_Feb_17_17_09_37_IST_2024.jpg target="_blank"><img src=Sat_Feb_17_17_09_37_IST_2024.jpg height=200 width=200></a>]]>
  </system-out>
</testsuite> <!-- testcases.armHomePageTest -->
