<?xml version="1.0" encoding="UTF-8"?>
<!-- Generated by org.testng.reporters.JUnitReportReporter -->
<testsuite hostname="AAPDyOVVbECDsDj" failures="0" tests="1" name="testcases.HomePageTest" time="10.431" errors="0" timestamp="2024-05-23T12:44:57 IST" skipped="0">
  <testcase classname="testcases.HomePageTest" name="VerifyHomePageTitle" time="10.431"/>
  <system-out>
    <![CDATA[<a href=Thu_May_23_12_40_31_IST_2024.jpg target="_blank">Screenshot link</a>
<br>
<a href=Thu_May_23_12_40_31_IST_2024.jpg target="_blank"><img src=Thu_May_23_12_40_31_IST_2024.jpg height=200 width=200></a>
<a href=Thu_May_23_12_44_21_IST_2024.jpg target="_blank">Screenshot link</a>
<br>
<a href=Thu_May_23_12_44_21_IST_2024.jpg target="_blank"><img src=Thu_May_23_12_44_21_IST_2024.jpg height=200 width=200></a>
<a href=Thu_May_23_12_44_51_IST_2024.jpg target="_blank">Screenshot link</a>
<br>
<a href=Thu_May_23_12_44_51_IST_2024.jpg target="_blank"><img src=Thu_May_23_12_44_51_IST_2024.jpg height=200 width=200></a>]]>
  </system-out>
</testsuite> <!-- testcases.HomePageTest -->
