<?xml version="1.0" encoding="UTF-8"?>
<!-- Generated by org.testng.reporters.JUnitReportReporter -->
<testsuite hostname="AAPDyOVVbECDsDj" failures="0" tests="2" name="testcases.StoreEntryTest" time="22.108" errors="0" timestamp="2024-04-27T15:51:53 IST" skipped="0">
  <testcase classname="testcases.StoreEntryTest" name="VerifyStoreEntryTitle" time="10.994"/>
  <testcase classname="testcases.StoreEntryTest" name="VerifySignInButtonPresence" time="11.114"/>
</testsuite> <!-- testcases.StoreEntryTest -->
