<?xml version="1.0" encoding="UTF-8"?>
<!-- Generated by org.testng.reporters.JUnitReportReporter -->
<testsuite hostname="AAPDyOVVbECDsDj" failures="0" tests="1" name="testcases.HomePageTest" time="10.371" errors="0" timestamp="2024-04-27T15:51:53 IST" skipped="0">
  <testcase classname="testcases.HomePageTest" name="VerifyHomePageTitle" time="10.371"/>
</testsuite> <!-- testcases.HomePageTest -->
