<?xml version="1.0" encoding="UTF-8"?>
<!-- Generated by org.testng.reporters.JUnitReportReporter -->
<testsuite hostname="AAPDyOVVbECDsDj" failures="0" tests="1" name="testcases.HomePageTest" time="10.519" errors="0" timestamp="2024-05-23T13:11:39 IST" skipped="0">
  <testcase classname="testcases.HomePageTest" name="VerifyHomePageTitle" time="10.519"/>
  <system-out>
    <![CDATA[<a href=Thu_May_23_13_09_03_IST_2024.jpg target="_blank">Screenshot link</a>
<br>
<a href=Thu_May_23_13_09_03_IST_2024.jpg target="_blank"><img src=Thu_May_23_13_09_03_IST_2024.jpg height=200 width=200></a>
<a href=Thu_May_23_13_11_03_IST_2024.jpg target="_blank">Screenshot link</a>
<br>
<a href=Thu_May_23_13_11_03_IST_2024.jpg target="_blank"><img src=Thu_May_23_13_11_03_IST_2024.jpg height=200 width=200></a>
<a href=Thu_May_23_13_11_33_IST_2024.jpg target="_blank">Screenshot link</a>
<br>
<a href=Thu_May_23_13_11_33_IST_2024.jpg target="_blank"><img src=Thu_May_23_13_11_33_IST_2024.jpg height=200 width=200></a>]]>
  </system-out>
</testsuite> <!-- testcases.HomePageTest -->
